ntaxError: expected ':'
(wildsenv) PS C:\Projects\seq2bbox> python .\multimain.py
  0%|                                                                                                                                                                                                                                                                                                                                                     | 0/50 [00:00<?, ?it/s]1 251
 25
1 25
1 25
1 25
1 25
1 25
1 25
1 25
1 25
1 25
1 25
1 25
  2%|██████▋                                                                                                                                                                                                                                                                                                                                      | 1/50 [00:08<06:45,  8.28s/it]1 25
1 25
1 25
1 25
1 25
1 25
1 25
 18%|███████████████████████████████████████████████████████████▉                                                                                                                                                                                                                                                                                 | 9/50 [00:15<00:59,  1.44s/it]1 25
1 25
1 25
1 25
1 25
1 25
1 25
 30%|███████████████████████████████████████████████████████████████████████████████████████████████████▌                                                                                                                                                                                                                                        | 15/50 [00:18<00:36,  1.03s/it]1 25
1 25
1 25
1 25
1 25
1 25
 42%|███████████████████████████████████████████████████████████████████████████████████████████████████████████████████████████████████████████▍                                                                                                                                                                                                | 21/50 [00:21<00:23,  1.23it/s1 
 25
1 25
1 25
1 25
1 25
1 25
1 25
1 25
 62%|█████████████████████████████████████████████████████████████████████████████████████████████████████████████████████████████████████████████████████████████████████████████████████████████████████████████▊                                                                                                                              | 31/50 [00:30<00:16,  1.16it/s]1 25
1 25
 74%|█████████████████████████████████████████████████████████████████████████████████████████████████████████████████████████████████████████████████████████████████████████████████████████████████████████████████████████████████████████████████████▋                                                                                      | 37/50 [00:31<00:08,  1.57it/s]1 25
1 25
1 25
1 25
1 25
1 25
 82%|████████████████████████████████████████████████████████████████████████████████████████████████████████████████████████████████████████████████████████████████████████████████████████████████████████████████████████████████████████████████████████████████████████████████▏                                                           | 41/50 [00:33<00:05,  1.60it/s]1 25
100%|████████████████████████████████████████████████████████████████████████████████████████████████████████████████████████████████████████████████████████████████████████████████████████████████████████████████████████████████████████████████████████████████████████████████████████████████████████████████████████████████████████████| 50/50 [00:36<00:00,  1.39it/s]
132 128 47 13
precision: 0.5076923076923077
recall: 0.9103448275862069
{(0, 'empty'): 132, (1, 'empty'): 13, (0, 'rodent'): 80, (1, 'rodent'): 17, (1, 'fox'): 30, (0, 'fox'): 44, (0, 'bird'): 4}
  0%|                                                                                                                                                                                                                                                                                                                                                     | 0/50 [00:00<?, ?it/s]2 25
2 25
2 25
2 25
2 25
2 25
2 25
2 25
2 25
2 25
2 25
2 25
2 25
  2%|██████▋                                                                                                                                                                                                                                                                                                                                      | 1/50 [00:08<06:33,  8.02s/it]2 25
2 25
2 25
2 25
2 25
2 25
2 25
 18%|███████████████████████████████████████████████████████████▉                                                                                                                                                                                                                                                                                 | 9/50 [00:15<00:59,  1.46s/it]2 25
2 25
2 25
2 25
2 25
2 25
 30%|███████████████████████████████████████████████████████████████████████████████████████████████████▌                                                                                                                                                                                                                                        | 15/50 [00:18<00:35,  1.02s/it]2 25
2 25
2 25
2 25
2 25
2 25
2 25
 42%|███████████████████████████████████████████████████████████████████████████████████████████████████████████████████████████████████████████▍                                                                                                                                                                                                | 21/50 [00:22<00:24,  1.17it/s]2 25
2 25
2 25
2 25
2 25
2 25
2 25
2 25
 62%|█████████████████████████████████████████████████████████████████████████████████████████████████████████████████████████████████████████████████████████████████████████████████████████████████████████████▊                                                                                                                              | 31/50 [00:31<00:16,  1.14it/s]2 25
2 25
 74%|█████████████████████████████████████████████████████████████████████████████████████████████████████████████████████████████████████████████████████████████████████████████████████████████████████████████████████████████████████████████████████▋                                                                                      | 37/50 [00:32<00:08,  1.53it/s]2 25
2 25
2 25
2 25
2 25
2 25
 82%|████████████████████████████████████████████████████████████████████████████████████████████████████████████████████████████████████████████████████████████████████████████████████████████████████████████████████████████████████████████████████████████████████████████████▏                                                           | 41/50 [00:33<00:05,  1.63it/s]2 25
100%|████████████████████████████████████████████████████████████████████████████████████████████████████████████████████████████████████████████████████████████████████████████████████████████████████████████████████████████████████████████████████████████████████████████████████████████████████████████████████████████████████████████| 50/50 [00:36<00:00,  1.36it/s]
132 128 47 13
precision: 0.5076923076923077
recall: 0.9103448275862069
{(0, 'empty'): 132, (1, 'empty'): 13, (1, 'rodent'): 17, (0, 'rodent'): 80, (1, 'fox'): 30, (0, 'fox'): 44, (0, 'bird'): 4}
  0%|                                                                                                                                                                                                                                                                                                                                                     | 0/50 [00:00<?, ?it/s]3 325
25
3 25
3 25
3 25
3 25
3 25
3 25
3 25
3 25
3 25
3 25
3 25
  2%|██████▋                                                                                                                                                                                                                                                                                                                                      | 1/50 [00:08<06:46,  8.29s/it]3 25
3 25
3 25
3 25
3 25
3 25
3 25
 18%|███████████████████████████████████████████████████████████▉                                                                                                                                                                                                                                                                                 | 9/50 [00:15<00:59,  1.46s/it]3 25
3 25
3 25
3 25
3 25
3 25
 30%|███████████████████████████████████████████████████████████████████████████████████████████████████▌                                                                                                                                                                                                                                        | 15/50 [00:18<00:35,  1.03s/it]3 25
3 25
3 25
3 25
3 25
3 25
 42%|███████████████████████████████████████████████████████████████████████████████████████████████████████████████████████████████████████████▍                                                                                                                                                                                                | 21/50 [00:21<00:23,  1.21it/s]3 25
 58%|████████████████████████████████████████████████████████████████████████████████████████████████████████████████████████████████████████████████████████████████████████████████████████████████▌                                                                                                                                           | 29/50 [00:22<00:09,  2.13it/s]3 25
3 25
3 25
3 25
3 25
3 25
3 25
3 25
 62%|█████████████████████████████████████████████████████████████████████████████████████████████████████████████████████████████████████████████████████████████████████████████████████████████████████████████▊                                                                                                                              | 31/50 [00:31<00:19,  1.01s/it]3 25
3 25
 74%|█████████████████████████████████████████████████████████████████████████████████████████████████████████████████████████████████████████████████████████████████████████████████████████████████████████████████████████████████████████████████████▋                                                                                      | 37/50 [00:31<00:08,  1.47it/s]3 25
3 25
3 25
3 25
3 25
3 25
 82%|████████████████████████████████████████████████████████████████████████████████████████████████████████████████████████████████████████████████████████████████████████████████████████████████████████████████████████████████████████████████████████████████████████████████▏                                                           | 41/50 [00:33<00:05,  1.54it/s]3 25
100%|████████████████████████████████████████████████████████████████████████████████████████████████████████████████████████████████████████████████████████████████████████████████████████████████████████████████████████████████████████████████████████████████████████████████████████████████████████████████████████████████████████████| 50/50 [00:36<00:00,  1.38it/s]
132 128 47 13
precision: 0.5076923076923077
recall: 0.9103448275862069
{(0, 'empty'): 132, (1, 'empty'): 13, (0, 'rodent'): 80, (1, 'rodent'): 17, (1, 'fox'): 30, (0, 'fox'): 44, (0, 'bird'): 4}
  0%|                                                                                                                                                                                                                                                                                                                                                     | 0/50 [00:00<?, ?it/s]4 25
4 25
4 25
4 25
4 25
4 25
4 25
4 25
4 25
4 25
4 25
4 25
4 25
  2%|██████▋                                                                                                                                                                                                                                                                                                                                      | 1/50 [00:07<06:21,  7.79s/it]4 25
4 25
4 25
4 25
4 25
4 25
4 25
 18%|███████████████████████████████████████████████████████████▉                                                                                                                                                                                                                                                                                 | 9/50 [00:15<01:00,  1.48s/it]4 25
4 25
4 25
4 25
4 25
4 25
 30%|███████████████████████████████████████████████████████████████████████████████████████████████████▌                                                                                                                                                                                                                                        | 15/50 [00:17<00:33,  1.04it/s]4 25
4 25
4 25
4 25
4 25
4 25
4 25
 42%|███████████████████████████████████████████████████████████████████████████████████████████████████████████████████████████████████████████▍                                                                                                                                                                                                | 21/50 [00:22<00:25,  1.16it/s]4 25
4 25
4 25
4 25
4 25
4 25
4 25
4 25
 62%|█████████████████████████████████████████████████████████████████████████████████████████████████████████████████████████████████████████████████████████████████████████████████████████████████████████████▊                                                                                                                              | 31/50 [00:30<00:16,  1.15it/s]4 25
4 25
4 25
 74%|█████████████████████████████████████████████████████████████████████████████████████████████████████████████████████████████████████████████████████████████████████████████████████████████████████████████████████████████████████████████████████▋                                                                                      | 37/50 [00:32<00:08,  1.49it/s]4 25
4 25
4 25
4 25
4 25
4 25
100%|████████████████████████████████████████████████████████████████████████████████████████████████████████████████████████████████████████████████████████████████████████████████████████████████████████████████████████████████████████████████████████████████████████████████████████████████████████████████████████████████████████████| 50/50 [00:36<00:00,  1.37it/s]
132 128 47 13
precision: 0.5076923076923077
recall: 0.9103448275862069
{(0, 'empty'): 132, (1, 'empty'): 13, (1, 'rodent'): 17, (0, 'rodent'): 80, (1, 'fox'): 30, (0, 'fox'): 44, (0, 'bird'): 4}
  0%|                                                                                                                                                                                                                                                                                                                                                     | 0/50 [00:00<?, ?it/s]1 50
1 50
1 50
1 50
1 50
1 50
1 50
1 50
1 50
1 50
1 50
1 50
1 50
  2%|██████▋                                                                                                                                                                                                                                                                                                                                      | 1/50 [00:10<08:23, 10.27s/it]1 50
1 50
1 50
1 50
1 50
1 50
1 50
 18%|███████████████████████████████████████████████████████████▉                                                                                                                                                                                                                                                                                 | 9/50 [00:19<01:16,  1.85s/it]1 50
1 50
1 50
1 50
1 50
1 50
 30%|███████████████████████████████████████████████████████████████████████████████████████████████████▌                                                                                                                                                                                                                                        | 15/50 [00:23<00:46,  1.32s/it]1 50
1 50
1 50
1 50
1 50
1 50
1 50
 42%|███████████████████████████████████████████████████████████████████████████████████████████████████████████████████████████████████████████▍                                                                                                                                                                                                | 21/50 [00:28<00:32,  1.11s/it]1 50
1 50
1 50
1 50
1 50
1 50
1 50
1 50
 62%|█████████████████████████████████████████████████████████████████████████████████████████████████████████████████████████████████████████████████████████████████████████████████████████████████████████████▊                                                                                                                              | 31/50 [00:40<00:21,  1.14s/it]1 50
1 50
 74%|█████████████████████████████████████████████████████████████████████████████████████████████████████████████████████████████████████████████████████████████████████████████████████████████████████████████████████████████████████████████████████▋                                                                                      | 37/50 [00:41<00:11,  1.16it/s]
1 50
1 50
1 50
1 50
1 50
 82%|████████████████████████████████████████████████████████████████████████████████████████████████████████████████████████████████████████████████████████████████████████████████████████████████████████████████████████████████████████████████████████████████████████████████▏                                                           | 41/50 [00:44<00:07,  1.22it/s]1 50
100%|████████████████████████████████████████████████████████████████████████████████████████████████████████████████████████████████████████████████████████████████████████████████████████████████████████████████████████████████████████████████████████████████████████████████████████████████████████████████████████████████████████████| 50/50 [00:47<00:00,  1.05it/s]
138 158 17 7
precision: 0.46621621621621623
recall: 0.9517241379310345
{(0, 'empty'): 138, (1, 'empty'): 7, (0, 'rodent'): 95, (1, 'rodent'): 2, (1, 'fox'): 15, (0, 'fox'): 59, (0, 'bird'): 4}
  0%|                                                                                                                                                                                                                                                                                                                                                     | 0/50 [00:00<?, ?it/s]2 50
2 50
2 50
2 50
2 50
2 50
2 50
2 50
2 50
2 50
2 50
2 50
2 50
  2%|██████▋                                                                                                                                                                                                                                                                                                                                      | 1/50 [00:10<08:27, 10.36s/it]2 50
2 50
2 50
2 50
2 50
2 50
2 50
 18%|███████████████████████████████████████████████████████████▉                                                                                                                                                                                                                                                                                 | 9/50 [00:19<01:16,  1.86s/it]2 50
2 50
2 50
2 50
2 50
2 50
 30%|███████████████████████████████████████████████████████████████████████████████████████████████████▌                                                                                                                                                                                                                                        | 15/50 [00:24<00:46,  1.34s/it]2 50
2 50
2 50
2 50
2 50
2 50
2 50
 42%|███████████████████████████████████████████████████████████████████████████████████████████████████████████████████████████████████████████▍                                                                                                                                                                                                | 21/50 [00:28<00:32,  1.11s/it]2 50
2 50
2 50
2 50
2 50
2 50
2 50
2 50
 62%|█████████████████████████████████████████████████████████████████████████████████████████████████████████████████████████████████████████████████████████████████████████████████████████████████████████████▊                                                                                                                              | 31/50 [00:40<00:21,  1.13s/it]2 50
2 50
2 50
 74%|█████████████████████████████████████████████████████████████████████████████████████████████████████████████████████████████████████████████████████████████████████████████████████████████████████████████████████████████████████████████████████▋                                                                                      | 37/50 [00:41<00:11,  1.16it/s]2 50
2 50
2 50
2 50
2 50
 82%|████████████████████████████████████████████████████████████████████████████████████████████████████████████████████████████████████████████████████████████████████████████████████████████████████████████████████████████████████████████████████████████████████████████████▏                                                           | 41/50 [00:44<00:07,  1.22it/s]2 50
100%|████████████████████████████████████████████████████████████████████████████████████████████████████████████████████████████████████████████████████████████████████████████████████████████████████████████████████████████████████████████████████████████████████████████████████████████████████████████████████████████████████████████| 50/50 [00:47<00:00,  1.05it/s]
138 158 17 7
precision: 0.46621621621621623
recall: 0.9517241379310345
{(0, 'empty'): 138, (1, 'empty'): 7, (0, 'rodent'): 95, (1, 'rodent'): 2, (1, 'fox'): 15, (0, 'fox'): 59, (0, 'bird'): 4}
  0%|                                                                                                                                                                                                                                                                                                                                                     | 0/50 [00:00<?, ?it/s]3 50
3 50
3 350
50
3 50
3 50
3 50
3 50
3 50
3 50
3 50
3 50
3 50
  2%|██████▋                                                                                                                                                                                                                                                                                                                                      | 1/50 [00:10<08:35, 10.52s/it]3 50
3 50
3 50
3 50
3 50
3 50
3 50
 18%|███████████████████████████████████████████████████████████▉                                                                                                                                                                                                                                                                                 | 9/50 [00:19<01:17,  1.90s/it]3 50
3 50
3 50
3 50
3 50
3 50
 30%|███████████████████████████████████████████████████████████████████████████████████████████████████▌                                                                                                                                                                                                                                        | 15/50 [00:24<00:47,  1.36s/it]3 50
3 50
3 50
3 50
3 50
3 50
 42%|███████████████████████████████████████████████████████████████████████████████████████████████████████████████████████████████████████████▍                                                                                                                                                                                                | 21/50 [00:28<00:31,  1.08s/it]3 50
 58%|████████████████████████████████████████████████████████████████████████████████████████████████████████████████████████████████████████████████████████████████████████████████████████████████▌                                                                                                                                           | 29/50 [00:28<00:13,  1.61it/s]3 50
3 50
3 50
3 50
3 50
3 50
3 50
3 50
 62%|█████████████████████████████████████████████████████████████████████████████████████████████████████████████████████████████████████████████████████████████████████████████████████████████████████████████▊                                                                                                                              | 31/50 [00:40<00:25,  1.35s/it]3 50
3 50
3 50
 74%|█████████████████████████████████████████████████████████████████████████████████████████████████████████████████████████████████████████████████████████████████████████████████████████████████████████████████████████████████████████████████████▋                                                                                      | 37/50 [00:42<00:12,  1.08it/s]3 50
3 50
3 50
3 50
3 50
 90%|██████████████████████████████████████████████████████████████████████████████████████████████████████████████████████████████████████████████████████████████████████████████████████████████████████████████████████████████████████████████████████████████████████████████████████████████████████████▊                                 | 45/50 [00:44<00:03,  1.60it/s]3 50
100%|████████████████████████████████████████████████████████████████████████████████████████████████████████████████████████████████████████████████████████████████████████████████████████████████████████████████████████████████████████████████████████████████████████████████████████████████████████████████████████████████████████████| 50/50 [00:47<00:00,  1.04it/s]
138 158 17 7
precision: 0.46621621621621623
recall: 0.9517241379310345
{(0, 'empty'): 138, (1, 'empty'): 7, (0, 'rodent'): 95, (1, 'rodent'): 2, (1, 'fox'): 15, (0, 'fox'): 59, (0, 'bird'): 4}
  0%|                                                                                                                                                                                                                                                                                                                                                     | 0/50 [00:00<?, ?it/s]4 50
4 50
4 50
4 50
4 50
4 50
4 50
4 50
4 50
4 50
4 50
4 50
4 50
  2%|██████▋                                                                                                                                                                                                                                                                                                                                      | 1/50 [00:10<08:19, 10.20s/it]4 50
4 50
4 50
4 50
4 50
4 50
4 50
 18%|███████████████████████████████████████████████████████████▉                                                                                                                                                                                                                                                                                 | 9/50 [00:19<01:15,  1.85s/it]4 50
4 50
4 50
4 50
4 50
4 50
 30%|███████████████████████████████████████████████████████████████████████████████████████████████████▌                                                                                                                                                                                                                                        | 15/50 [00:24<00:47,  1.35s/it]4 50
4 50
4 50
4 50
4 50
4 50
 42%|███████████████████████████████████████████████████████████████████████████████████████████████████████████████████████████████████████████▍                                                                                                                                                                                                | 21/50 [00:28<00:32,  1.11s/it]4 50
4 50
4 50
4 50
4 50
4 50
4 50
4 50
4 50
 62%|█████████████████████████████████████████████████████████████████████████████████████████████████████████████████████████████████████████████████████████████████████████████████████████████████████████████▊                                                                                                                              | 31/50 [00:40<00:21,  1.13s/it]4 50
4 50
4 50
 74%|█████████████████████████████████████████████████████████████████████████████████████████████████████████████████████████████████████████████████████████████████████████████████████████████████████████████████████████████████████████████████████▋                                                                                      | 37/50 [00:41<00:11,  1.17it/s]4 50
4 50
4 50
4 50
4 50
4 50
100%|████████████████████████████████████████████████████████████████████████████████████████████████████████████████████████████████████████████████████████████████████████████████████████████████████████████████████████████████████████████████████████████████████████████████████████████████████████████████████████████████████████████| 50/50 [00:47<00:00,  1.05it/s]
138 158 17 7
precision: 0.46621621621621623
recall: 0.9517241379310345
{(0, 'empty'): 138, (1, 'empty'): 7, (0, 'rodent'): 95, (1, 'rodent'): 2, (1, 'fox'): 15, (0, 'fox'): 59, (0, 'bird'): 4}
  0%|                                                                                                                                                                                                                                                                                                                                                     | 0/50 [00:00<?, ?it/s]1 75
1 75
1 75
1 75
1 75
1 75
1 75
1 75
1 75
1 75
1 75
1 75
1 75
  2%|██████▋                                                                                                                                                                                                                                                                                                                                      | 1/50 [00:12<10:16, 12.58s/it]1 75
1 75
1 75
1 75
1 75
1 75
1 75
 18%|███████████████████████████████████████████████████████████▉                                                                                                                                                                                                                                                                                 | 9/50 [00:23<01:34,  2.30s/it]1 75
1 75
1 75
1 75
1 75
1 75
 30%|███████████████████████████████████████████████████████████████████████████████████████████████████▌                                                                                                                                                                                                                                        | 15/50 [00:30<00:59,  1.69s/it]1 75
1 75
1 75
1 75
1 75
1 75
 42%|███████████████████████████████████████████████████████████████████████████████████████████████████████████████████████████████████████████▍                                                                                                                                                                                                | 21/50 [00:35<00:40,  1.38s/it]1 75
1 75
1 75
1 75
1 75
1 75
1 75
1 75
1 75
 62%|█████████████████████████████████████████████████████████████████████████████████████████████████████████████████████████████████████████████████████████████████████████████████████████████████████████████▊                                                                                                                              | 31/50 [00:50<00:26,  1.40s/it]1 75
1 75
1 75
 74%|█████████████████████████████████████████████████████████████████████████████████████████████████████████████████████████████████████████████████████████████████████████████████████████████████████████████████████████████████████████████████████▋                                                                                      | 37/50 [00:52<00:14,  1.08s/it]1 75
1 75
1 75
1 75
1 75
1 75
100%|████████████████████████████████████████████████████████████████████████████████████████████████████████████████████████████████████████████████████████████████████████████████████████████████████████████████████████████████████████████████████████████████████████████████████████████████████████████████████████████████████████████| 50/50 [00:59<00:00,  1.19s/it]
142 171 4 3
precision: 0.4536741214057508
recall: 0.9793103448275862
{(0, 'empty'): 142, (1, 'empty'): 3, (0, 'rodent'): 96, (1, 'rodent'): 1, (0, 'fox'): 71, (1, 'fox'): 3, (0, 'bird'): 4}
  0%|                                                                                                                                                                                                                                                                                                                                                     | 0/50 [00:00<?, ?it/s]2 75
2 75
2 75
2 75
2 75
2 75
2 75
2 75
2 75
2 75
2 75
2 75
2 75
  2%|██████▋                                                                                                                                                                                                                                                                                                                                      | 1/50 [00:12<10:10, 12.46s/it]2 75
2 75
2 75
2 75
2 75
2 75
2 75
 18%|███████████████████████████████████████████████████████████▉                                                                                                                                                                                                                                                                                 | 9/50 [00:23<01:32,  2.27s/it]2 75
2 75
2 75
2 75
2 75
2 75
 30%|███████████████████████████████████████████████████████████████████████████████████████████████████▌                                                                                                                                                                                                                                        | 15/50 [00:29<00:58,  1.67s/it]2 75
2 75
2 75
2 75
2 75
2 75
2 75
 42%|███████████████████████████████████████████████████████████████████████████████████████████████████████████████████████████████████████████▍                                                                                                                                                                                                | 21/50 [00:35<00:40,  1.38s/it]2 75
2 75
2 75
2 75
2 75
2 75
2 75
2 75
 62%|█████████████████████████████████████████████████████████████████████████████████████████████████████████████████████████████████████████████████████████████████████████████████████████████████████████████▊                                                                                                                              | 31/50 [00:49<00:26,  1.39s/it]2 75
2 75
2 75
 74%|█████████████████████████████████████████████████████████████████████████████████████████████████████████████████████████████████████████████████████████████████████████████████████████████████████████████████████████████████████████████████████▋                                                                                      | 37/50 [00:51<00:13,  1.07s/it]2 75
2 75
2 75
2 75
2 75
2 75
100%|████████████████████████████████████████████████████████████████████████████████████████████████████████████████████████████████████████████████████████████████████████████████████████████████████████████████████████████████████████████████████████████████████████████████████████████████████████████████████████████████████████████| 50/50 [00:58<00:00,  1.18s/it]
142 171 4 3
precision: 0.4536741214057508
recall: 0.9793103448275862
{(0, 'empty'): 142, (1, 'empty'): 3, (0, 'rodent'): 96, (1, 'rodent'): 1, (0, 'fox'): 71, (1, 'fox'): 3, (0, 'bird'): 4}
  0%|                                                                                                                                                                                                                                                                                                                                                     | 0/50 [00:00<?, ?it/s]3 75
3 75
3 75
3 75
3 75
3 75
3 75
3 75
3 75
3 75
3 75
3 75
3 75
  2%|██████▋                                                                                                                                                                                                                                                                                                                                      | 1/50 [00:12<10:03, 12.33s/it]3 75
3 75
3 75
3 75
3 75
3 75
3 75
 18%|███████████████████████████████████████████████████████████▉                                                                                                                                                                                                                                                                                 | 9/50 [00:23<01:34,  2.31s/it]3 75
3 75
3 75
3 75
3 75
3 75
 30%|███████████████████████████████████████████████████████████████████████████████████████████████████▌                                                                                                                                                                                                                                        | 15/50 [00:29<00:56,  1.61s/it]3 75
3 75
3 75
3 75
3 75
3 75
 42%|███████████████████████████████████████████████████████████████████████████████████████████████████████████████████████████████████████████▍                                                                                                                                                                                                | 21/50 [00:35<00:40,  1.40s/it]3 75
 58%|████████████████████████████████████████████████████████████████████████████████████████████████████████████████████████████████████████████████████████████████████████████████████████████████▌                                                                                                                                           | 29/50 [00:35<00:16,  1.26it/s]3 75
3 75
3 75
3 75
3 75
3 75
3 75
 58%|████████████████████████████████████████████████████████████████████████████████████████████████████████████████████████████████████████████████████████████████████████████████████████████████▌                                                                                                                                           | 29/50 [00:48<00:16,  1.26it/s]3 75
3 75
 62%|█████████████████████████████████████████████████████████████████████████████████████████████████████████████████████████████████████████████████████████████████████████████████████████████████████████████▊                                                                                                                              | 31/50 [00:50<00:31,  1.68s/it]3 75
 74%|█████████████████████████████████████████████████████████████████████████████████████████████████████████████████████████████████████████████████████████████████████████████████████████████████████████████████████████████████████████████████████▋                                                                                      | 37/50 [00:52<00:15,  1.16s/it]3 75
3 75
3 75
3 75
3 75
3 75
 82%|████████████████████████████████████████████████████████████████████████████████████████████████████████████████████████████████████████████████████████████████████████████████████████████████████████████████████████████████████████████████████████████████████████████████▏                                                           | 41/50 [00:55<00:09,  1.07s/it]3 75
100%|████████████████████████████████████████████████████████████████████████████████████████████████████████████████████████████████████████████████████████████████████████████████████████████████████████████████████████████████████████████████████████████████████████████████████████████████████████████████████████████████████████████| 50/50 [00:59<00:00,  1.19s/it]
142 171 4 3
precision: 0.4536741214057508
recall: 0.9793103448275862
{(0, 'empty'): 142, (1, 'empty'): 3, (0, 'rodent'): 96, (1, 'rodent'): 1, (0, 'fox'): 71, (1, 'fox'): 3, (0, 'bird'): 4}
  0%|                                                                                                                                                                                                                                                                                                                                                     | 0/50 [00:00<?, ?it/s]4 75
4 75
4 75
4 75
4 75
4 75
4 75
4 75
4 75
4 75
4 75
4 75
4 75
  2%|██████▋                                                                                                                                                                                                                                                                                                                                      | 1/50 [00:12<10:09, 12.44s/it]4 75
4 75
4 75
4 75
4 75
4 75
4 75
 18%|███████████████████████████████████████████████████████████▉                                                                                                                                                                                                                                                                                 | 9/50 [00:23<01:32,  2.25s/it]4 75
4 75
4 75
4 75
4 75
4 75
 30%|███████████████████████████████████████████████████████████████████████████████████████████████████▌                                                                                                                                                                                                                                        | 15/50 [00:30<00:59,  1.71s/it]4 75
4 75
4 75
4 75
4 75
4 75
4 75
 42%|███████████████████████████████████████████████████████████████████████████████████████████████████████████████████████████████████████████▍                                                                                                                                                                                                | 21/50 [00:36<00:42,  1.46s/it]4 75
4 75
4 75
4 75
4 75
4 75
4 75
4 75
 62%|█████████████████████████████████████████████████████████████████████████████████████████████████████████████████████████████████████████████████████████████████████████████████████████████████████████████▊                                                                                                                              | 31/50 [00:54<00:30,  1.62s/it]4 75
4 75
 74%|█████████████████████████████████████████████████████████████████████████████████████████████████████████████████████████████████████████████████████████████████████████████████████████████████████████████████████████████████████████████████████▋                                                                                      | 37/50 [00:56<00:15,  1.21s/it]4 75
4 75
4 75
4 75
4 75
4 75
 90%|██████████████████████████████████████████████████████████████████████████████████████████████████████████████████████████████████████████████████████████████████████████████████████████████████████████████████████████████████████████████████████████████████████████████████████████████████████████▊                                 | 45/50 [01:00<00:04,  1.12it/s]4 75
100%|████████████████████████████████████████████████████████████████████████████████████████████████████████████████████████████████████████████████████████████████████████████████████████████████████████████████████████████████████████████████████████████████████████████████████████████████████████████████████████████████████████████| 50/50 [01:04<00:00,  1.29s/it]
142 171 4 3
precision: 0.4536741214057508
recall: 0.9793103448275862
{(0, 'empty'): 142, (1, 'empty'): 3, (0, 'rodent'): 96, (1, 'rodent'): 1, (0, 'fox'): 71, (1, 'fox'): 3, (0, 'bird'): 4}
  0%|                                                                                                                                                                                                                                                                                                                                                     | 0/50 [00:00<?, ?it/s]1 100
1 100
1 100
1 100
1 100
1 100
1 100
1 100
1 100
1 100
1 100
1 100
1 100
  2%|██████▋                                                                                                                                                                                                                                                                                                                                      | 1/50 [00:15<12:58, 15.89s/it]1 100
1 100
1 100
1 100
1 100
1 100
1 100
 18%|███████████████████████████████████████████████████████████▉                                                                                                                                                                                                                                                                                 | 9/50 [00:29<01:57,  2.88s/it]1 100
1 100
1 100
1 100
1 100
1 100
 30%|███████████████████████████████████████████████████████████████████████████████████████████████████▌                                                                                                                                                                                                                                        | 15/50 [00:37<01:12,  2.07s/it]1 100
1 100
1 100
1 100
1 100
1 100
1 100
 42%|███████████████████████████████████████████████████████████████████████████████████████████████████████████████████████████████████████████▍                                                                                                                                                                                                | 21/50 [00:44<00:50,  1.74s/it]1 100
1 100
1 100
1 100
1 100
1 100
1 100
1 100
 62%|█████████████████████████████████████████████████████████████████████████████████████████████████████████████████████████████████████████████████████████████████████████████████████████████████████████████▊                                                                                                                              | 31/50 [01:03<00:34,  1.79s/it]1 100
1 100
 74%|█████████████████████████████████████████████████████████████████████████████████████████████████████████████████████████████████████████████████████████████████████████████████████████████████████████████████████████████████████████████████████▋                                                                                      | 37/50 [01:05<00:17,  1.36s/it]1 100
1 100
1 100
1 100
1 100
1 100
 82%|████████████████████████████████████████████████████████████████████████████████████████████████████████████████████████████████████████████████████████████████████████████████████████████████████████████████████████████████████████████████████████████████████████████████▏                                                           | 41/50 [01:10<00:11,  1.31s/it]1 100
100%|████████████████████████████████████████████████████████████████████████████████████████████████████████████████████████████████████████████████████████████████████████████████████████████████████████████████████████████████████████████████████████████████████████████████████████████████████████████████████████████████████████████| 50/50 [01:15<00:00,  1.50s/it]
143 173 2 2
precision: 0.4525316455696203
recall: 0.9862068965517241
{(0, 'empty'): 143, (0, 'rodent'): 97, (0, 'fox'): 72, (1, 'empty'): 2, (1, 'fox'): 2, (0, 'bird'): 4}
  0%|                                                                                                                                                                                                                                                                                                                                                     | 0/50 [00:00<?, ?it/s]2 100
2 100
2 100
2 100
2 100